ArtKiss_Android/app/build/intermediates/manifest_merge_blame_file/debug/manifest-merger-blame-debug-report.txt
1<?xml version="1.0" encoding="utf-8"?>
2<manifest xmlns:android="http://schemas.android.com/apk/res/android"
3    package="com.artkiss.simulator"
4    android:versionCode="1"
5    android:versionName="1.0" >
6
7    <uses-sdk
8        android:minSdkVersion="24"
8-->src\main\AndroidManifest.xml
9        android:targetSdkVersion="28" />
9-->src\main\AndroidManifest.xml
10
11    <uses-permission android:name="android.permission.INTERNET" />
11-->src\main\AndroidManifest.xml:5:5-67
11-->src\main\AndroidManifest.xml:5:22-64
12    <uses-permission android:name="android.permission.READ_EXTERNAL_STORAGE" />
12-->src\main\AndroidManifest.xml:6:5-79
12-->src\main\AndroidManifest.xml:6:22-77
13    <uses-permission android:name="android.permission.CAMERA" />
13-->src\main\AndroidManifest.xml:7:5-64
13-->src\main\AndroidManifest.xml:7:22-62
14
15    <application
15-->src\main\AndroidManifest.xml:9:5-28:19
16        android:allowBackup="true"
16-->src\main\AndroidManifest.xml:10:9-35
17        android:appComponentFactory="android.support.v4.app.CoreComponentFactory"
17-->[com.android.support:support-compat:28.0.0] AndroidManifest.xml:22:18-91
18        android:debuggable="true"
19        android:extractNativeLibs="false"
20        android:icon="@mipmap/ic_launcher"
20-->src\main\AndroidManifest.xml:11:9-43
21        android:label="@string/app_name"
21-->src\main\AndroidManifest.xml:12:9-41
22        android:roundIcon="@mipmap/ic_launcher_round"
22-->src\main\AndroidManifest.xml:13:9-54
23        android:supportsRtl="true"
23-->src\main\AndroidManifest.xml:14:9-35
24        android:testOnly="true"
25        android:theme="@style/AppTheme" >
25-->src\main\AndroidManifest.xml:15:9-40
26        <service
26-->src\main\AndroidManifest.xml:17:9-91
27            android:name="com.artkiss.simulator.ArtKissApt"
27-->src\main\AndroidManifest.xml:17:18-65
28            android:enabled="true" />
28-->src\main\AndroidManifest.xml:17:66-88
29
30        <activity
30-->src\main\AndroidManifest.xml:19:9-27:20
31            android:name="com.artkiss.simulator.MainActivity"
31-->src\main\AndroidManifest.xml:20:13-41
32            android:label="@string/app_name"
32-->src\main\AndroidManifest.xml:21:13-45
33            android:theme="@style/AppTheme.NoActionBar" >
33-->src\main\AndroidManifest.xml:22:13-56
34            <intent-filter>
34-->src\main\AndroidManifest.xml:23:13-26:29
35                <action android:name="android.intent.action.MAIN" />
35-->src\main\AndroidManifest.xml:24:17-69
35-->src\main\AndroidManifest.xml:24:25-66
36
37                <category android:name="android.intent.category.LAUNCHER" />
37-->src\main\AndroidManifest.xml:25:17-77
37-->src\main\AndroidManifest.xml:25:27-74
38            </intent-filter>
39        </activity>
40
41        <provider
41-->[android.arch.lifecycle:extensions:1.1.1] AndroidManifest.xml:23:9-27:43
42            android:name="android.arch.lifecycle.ProcessLifecycleOwnerInitializer"
42-->[android.arch.lifecycle:extensions:1.1.1] AndroidManifest.xml:24:13-83
43            android:authorities="com.artkiss.simulator.lifecycle-trojan"
43-->[android.arch.lifecycle:extensions:1.1.1] AndroidManifest.xml:25:13-68
44            android:exported="false"
44-->[android.arch.lifecycle:extensions:1.1.1] AndroidManifest.xml:26:13-37
45            android:multiprocess="true" />
45-->[android.arch.lifecycle:extensions:1.1.1] AndroidManifest.xml:27:13-40
46    </application>
47
48</manifest>